<?xml version="1.0" encoding="UTF-8"?>
<testsuite name="GerenciadoraContasTest_1" tests="1" skipped="0" failures="0" errors="0" timestamp="2019-10-26T16:13:10" hostname="LAPTOP-TQPV4KOE" time="0.007">
  <properties/>
  <testcase name="testTranfereValorSaldoNegaticoParaSaldoNegativo" classname="GerenciadoraContasTest_1" time="0.007"/>
  <system-out><![CDATA[]]></system-out>
  <system-err><![CDATA[]]></system-err>
</testsuite>
