<?xml version="1.0" encoding="UTF-8"?>
<testsuite name="GerenciadoresClientesTest_3" tests="4" skipped="0" failures="0" errors="0" timestamp="2019-10-25T01:50:42" hostname="jarvis" time="0.153">
  <properties/>
  <testcase name="testPesquisaCliente" classname="GerenciadoresClientesTest_3" time="0.09"/>
  <testcase name="testPesquisaClienteInexistente" classname="GerenciadoresClientesTest_3" time="0.012"/>
  <testcase name="testRemoveClienteInexistente" classname="GerenciadoresClientesTest_3" time="0.016"/>
  <testcase name="testRemoveCliente" classname="GerenciadoresClientesTest_3" time="0.013"/>
  <system-out><![CDATA[Before
Teste
Limpa
Before
Limpa
Before
Limpa
Before
Limpa
]]></system-out>
  <system-err><![CDATA[]]></system-err>
</testsuite>
