<?xml version="1.0" encoding="UTF-8"?>
<testsuite name="GerenciadoraContasTest_0" tests="1" skipped="0" failures="0" errors="0" timestamp="2019-10-23T01:11:23" hostname="jarvis" time="0.022">
  <properties/>
  <testcase name="testTranfereValor" classname="GerenciadoraContasTest_0" time="0.022"/>
  <system-out><![CDATA[]]></system-out>
  <system-err><![CDATA[]]></system-err>
</testsuite>
