<?xml version="1.0" encoding="UTF-8"?>
<testsuite name="GerenciadoresClientesTest_3" tests="9" skipped="0" failures="0" errors="0" timestamp="2019-10-26T16:18:13" hostname="LAPTOP-TQPV4KOE" time="0.014">
  <properties/>
  <testcase name="testPesquisaCliente" classname="GerenciadoresClientesTest_3" time="0.003"/>
  <testcase name="testPesquisaClienteInexistente" classname="GerenciadoresClientesTest_3" time="0.001"/>
  <testcase name="testValidaIdadeCliente" classname="GerenciadoresClientesTest_3" time="0.001"/>
  <testcase name="testRemoveClienteInexistente" classname="GerenciadoresClientesTest_3" time="0.001"/>
  <testcase name="testValidaIdadeClienteAcimaDaMaxima" classname="GerenciadoresClientesTest_3" time="0.001"/>
  <testcase name="testRemoveCliente" classname="GerenciadoresClientesTest_3" time="0.0"/>
  <testcase name="testValidaIdadeClienteAbaixoDaMaxima" classname="GerenciadoresClientesTest_3" time="0.0"/>
  <testcase name="testValidaIdadeClienteMaxima" classname="GerenciadoresClientesTest_3" time="0.001"/>
  <testcase name="testValidaIdadeClienteMinima" classname="GerenciadoresClientesTest_3" time="0.001"/>
  <system-out><![CDATA[Limpa
Limpa
Limpa
Limpa
Limpa
Limpa
Limpa
Limpa
Limpa
]]></system-out>
  <system-err><![CDATA[]]></system-err>
</testsuite>
