<?xml version="1.0" encoding="UTF-8"?>
<testsuite name="GerenciadoraContasTest_0" tests="2" skipped="0" failures="0" errors="0" timestamp="2019-10-26T16:18:13" hostname="LAPTOP-TQPV4KOE" time="0.003">
  <properties/>
  <testcase name="testTranfereValor" classname="GerenciadoraContasTest_0" time="0.002"/>
  <testcase name="testTranfereValorInsuficiente" classname="GerenciadoraContasTest_0" time="0.001"/>
  <system-out><![CDATA[]]></system-out>
  <system-err><![CDATA[]]></system-err>
</testsuite>
