<?xml version="1.0" encoding="UTF-8"?>
<testsuite name="GerenciadoraContasTest" tests="1" skipped="0" failures="0" errors="0" timestamp="2019-10-26T16:18:13" hostname="LAPTOP-TQPV4KOE" time="0.005">
  <properties/>
  <testcase name="testTranfereValor" classname="GerenciadoraContasTest" time="0.005"/>
  <system-out><![CDATA[]]></system-out>
  <system-err><![CDATA[]]></system-err>
</testsuite>
